0 info it worked if it ends with ok
1 verbose cli [ 'C:\\Program Files\\nodejs\\node.exe',
1 verbose cli   'C:\\Program Files\\nodejs\\node_modules\\npm\\bin\\npm-cli.js',
1 verbose cli   'install',
1 verbose cli   'base64',
1 verbose cli   '--save' ]
2 info using npm@2.14.4
3 info using node@v4.1.1
4 verbose install initial load of C:\mine\nodejs\thinkjs-blog\package.json
5 warn package.json thinkjs-application@1.0.0 No repository field.
6 warn package.json thinkjs-application@1.0.0 No license field.
7 verbose installManyTop reading scoped package data from C:\mine\nodejs\thinkjs-blog\node_modules\async\package.json
8 verbose installManyTop reading scoped package data from C:\mine\nodejs\thinkjs-blog\node_modules\babel\package.json
9 verbose installManyTop reading scoped package data from C:\mine\nodejs\thinkjs-blog\node_modules\babel-cli\package.json
10 verbose installManyTop reading scoped package data from C:\mine\nodejs\thinkjs-blog\node_modules\babel-core\package.json
11 verbose installManyTop reading scoped package data from C:\mine\nodejs\thinkjs-blog\node_modules\babel-plugin-transform-runtime\package.json
12 verbose installManyTop reading scoped package data from C:\mine\nodejs\thinkjs-blog\node_modules\babel-preset-es2015-loose\package.json
13 verbose installManyTop reading scoped package data from C:\mine\nodejs\thinkjs-blog\node_modules\babel-preset-stage-1\package.json
14 verbose installManyTop reading scoped package data from C:\mine\nodejs\thinkjs-blog\node_modules\babel-runtime\package.json
15 verbose installManyTop reading scoped package data from C:\mine\nodejs\thinkjs-blog\node_modules\cheerio\package.json
16 verbose installManyTop reading scoped package data from C:\mine\nodejs\thinkjs-blog\node_modules\iconv-lite\package.json
17 verbose installManyTop reading scoped package data from C:\mine\nodejs\thinkjs-blog\node_modules\mkdirp\package.json
18 verbose installManyTop reading scoped package data from C:\mine\nodejs\thinkjs-blog\node_modules\moment\package.json
19 verbose installManyTop reading scoped package data from C:\mine\nodejs\thinkjs-blog\node_modules\request\package.json
20 verbose installManyTop reading scoped package data from C:\mine\nodejs\thinkjs-blog\node_modules\superagent\package.json
21 verbose installManyTop reading scoped package data from C:\mine\nodejs\thinkjs-blog\node_modules\thinkjs\package.json
22 verbose readDependencies loading dependencies from C:\mine\nodejs\thinkjs-blog\package.json
23 silly cache add args [ 'base64', null ]
24 verbose cache add spec base64
25 silly cache add parsed spec Result {
25 silly cache add   raw: 'base64',
25 silly cache add   scope: null,
25 silly cache add   name: 'base64',
25 silly cache add   rawSpec: '',
25 silly cache add   spec: '*',
25 silly cache add   type: 'range' }
26 silly addNamed base64@*
27 verbose addNamed "*" is a valid semver range for base64
28 silly addNameRange { name: 'base64', range: '*', hasData: false }
29 silly mapToRegistry name base64
30 silly mapToRegistry using default registry
31 silly mapToRegistry registry https://registry.npmjs.org/
32 silly mapToRegistry uri https://registry.npmjs.org/base64
33 verbose addNameRange registry:https://registry.npmjs.org/base64 not in flight; fetching
34 verbose request uri https://registry.npmjs.org/base64
35 verbose request no auth needed
36 info attempt registry request try #1 at 18:30:48
37 verbose request id 67d9885656dbc652
38 http request GET https://registry.npmjs.org/base64
39 http 200 https://registry.npmjs.org/base64
40 silly get cb [ 200,
40 silly get   { server: 'CouchDB/1.5.0 (Erlang OTP/R16B03)',
40 silly get     etag: '"47S06GC36Y5QDD9EW7WFWJJC2"',
40 silly get     'content-type': 'application/json',
40 silly get     'cache-control': 'max-age=300',
40 silly get     'content-length': '11270',
40 silly get     'accept-ranges': 'bytes',
40 silly get     date: 'Wed, 20 Jan 2016 10:31:04 GMT',
40 silly get     via: '1.1 varnish',
40 silly get     age: '0',
40 silly get     connection: 'keep-alive',
40 silly get     'x-served-by': 'cache-ams4131-AMS',
40 silly get     'x-cache': 'MISS',
40 silly get     'x-cache-hits': '0',
40 silly get     'x-timer': 'S1453285864.408069,VS0,VE173',
40 silly get     vary: 'Accept' } ]
41 verbose get saving base64 to C:\Users\herro\AppData\Roaming\npm-cache\registry.npmjs.org\base64\.cache.json
42 silly addNameRange number 2 { name: 'base64', range: '*', hasData: true }
43 silly addNameRange versions [ 'base64',
43 silly addNameRange   [ '1.0.0',
43 silly addNameRange     '1.0.1',
43 silly addNameRange     '2.0.1',
43 silly addNameRange     '2.0.2',
43 silly addNameRange     '2.0.3',
43 silly addNameRange     '2.0.4',
43 silly addNameRange     '2.0.6',
43 silly addNameRange     '2.0.7',
43 silly addNameRange     '2.1.0' ] ]
44 silly addNamed base64@2.1.0
45 verbose addNamed "2.1.0" is a plain semver version for base64
46 silly mapToRegistry name base64
47 silly mapToRegistry using default registry
48 silly mapToRegistry registry https://registry.npmjs.org/
49 silly mapToRegistry uri https://registry.npmjs.org/base64
50 verbose addRemoteTarball https://registry.npmjs.org/base64/-/base64-2.1.0.tgz not in flight; adding
51 verbose addRemoteTarball [ 'https://registry.npmjs.org/base64/-/base64-2.1.0.tgz',
51 verbose addRemoteTarball   'c2663daf069203b758fb12b91c516fae87963314' ]
52 info retry fetch attempt 1 at 18:30:50
53 info attempt registry request try #1 at 18:30:50
54 http fetch GET https://registry.npmjs.org/base64/-/base64-2.1.0.tgz
55 http fetch 200 https://registry.npmjs.org/base64/-/base64-2.1.0.tgz
56 silly fetchAndShaCheck shasum c2663daf069203b758fb12b91c516fae87963314
57 verbose addTmpTarball C:\Users\herro\AppData\Local\Temp\npm-9856-e290f334\registry.npmjs.org\base64\-\base64-2.1.0.tgz not in flight; adding
58 verbose addTmpTarball already have metadata; skipping unpack for base64@2.1.0
59 silly cache afterAdd base64@2.1.0
60 verbose afterAdd C:\Users\herro\AppData\Roaming\npm-cache\base64\2.1.0\package\package.json not in flight; writing
61 verbose afterAdd C:\Users\herro\AppData\Roaming\npm-cache\base64\2.1.0\package\package.json written
62 silly install resolved [ { name: 'base64',
62 silly install resolved     version: '2.1.0',
62 silly install resolved     main: 'base64',
62 silly install resolved     description: 'A C++ module for node-js that does base64 encoding and decoding.',
62 silly install resolved     keywords:
62 silly install resolved      [ 'base conversion',
62 silly install resolved        'base64',
62 silly install resolved        'base64 encode',
62 silly install resolved        'base64 decode',
62 silly install resolved        'base64_encode',
62 silly install resolved        'base64_decode',
62 silly install resolved        'encode',
62 silly install resolved        'decode' ],
62 silly install resolved     author:
62 silly install resolved      { name: 'Peteris Krumins',
62 silly install resolved        email: 'peteris.krumins@gmail.com',
62 silly install resolved        url: 'http://www.catonmat.net' },
62 silly install resolved     contributors: [ [Object] ],
62 silly install resolved     license: 'MIT',
62 silly install resolved     repository:
62 silly install resolved      { type: 'git',
62 silly install resolved        url: 'http://github.com/pkrumins/node-base64.git' },
62 silly install resolved     directories: { tests: 'tests' },
62 silly install resolved     engines: { node: '>=0.8.0' },
62 silly install resolved     scripts: { install: 'node-gyp rebuild' },
62 silly install resolved     gypfile: true,
62 silly install resolved     _id: 'base64@2.1.0',
62 silly install resolved     dist:
62 silly install resolved      { shasum: 'c2663daf069203b758fb12b91c516fae87963314',
62 silly install resolved        tarball: 'http://registry.npmjs.org/base64/-/base64-2.1.0.tgz' },
62 silly install resolved     _from: 'base64@*',
62 silly install resolved     _npmVersion: '1.2.14',
62 silly install resolved     _npmUser: { name: 'pkrumins', email: 'peteris.krumins@gmail.com' },
62 silly install resolved     maintainers: [ [Object] ],
62 silly install resolved     _shasum: 'c2663daf069203b758fb12b91c516fae87963314',
62 silly install resolved     _resolved: 'https://registry.npmjs.org/base64/-/base64-2.1.0.tgz' } ]
63 info install base64@2.1.0 into C:\mine\nodejs\thinkjs-blog
64 info installOne base64@2.1.0
65 verbose installOne of base64 to C:\mine\nodejs\thinkjs-blog not in flight; installing
66 verbose lock using C:\Users\herro\AppData\Roaming\npm-cache\_locks\base64-58600b85ff26dbca.lock for C:\mine\nodejs\thinkjs-blog\node_modules\base64
67 silly install write writing base64 2.1.0 to C:\mine\nodejs\thinkjs-blog\node_modules\base64
68 verbose unbuild node_modules\base64
69 silly gentlyRm C:\mine\nodejs\thinkjs-blog\node_modules\base64 is being purged from base C:\mine\nodejs\thinkjs-blog
70 verbose gentlyRm don't care about contents; nuking C:\mine\nodejs\thinkjs-blog\node_modules\base64
71 verbose tar unpack C:\Users\herro\AppData\Roaming\npm-cache\base64\2.1.0\package.tgz
72 verbose tar unpacking to C:\mine\nodejs\thinkjs-blog\node_modules\base64
73 silly gentlyRm C:\mine\nodejs\thinkjs-blog\node_modules\base64 is being purged
74 verbose gentlyRm don't care about contents; nuking C:\mine\nodejs\thinkjs-blog\node_modules\base64
75 silly gunzTarPerm modes [ '777', '666' ]
76 silly gunzTarPerm extractEntry package.json
77 silly gunzTarPerm modified mode [ 'package.json', 420, 438 ]
78 silly gunzTarPerm extractEntry .npmignore
79 silly gunzTarPerm modified mode [ '.npmignore', 420, 438 ]
80 silly gunzTarPerm extractEntry base64.cc
81 silly gunzTarPerm modified mode [ 'base64.cc', 420, 438 ]
82 silly gunzTarPerm extractEntry readme.txt
83 silly gunzTarPerm modified mode [ 'readme.txt', 420, 438 ]
84 silly gunzTarPerm extractEntry test/encode.js
85 silly gunzTarPerm modified mode [ 'test/encode.js', 420, 438 ]
86 silly gunzTarPerm extractEntry test/test.sh
87 silly gunzTarPerm modified mode [ 'test/test.sh', 420, 438 ]
88 silly gunzTarPerm extractEntry test/perl-base64-encode.pl
89 silly gunzTarPerm modified mode [ 'test/perl-base64-encode.pl', 420, 438 ]
90 silly gunzTarPerm extractEntry test/hashes.json
91 silly gunzTarPerm modified mode [ 'test/hashes.json', 420, 438 ]
92 silly gunzTarPerm extractEntry test/data/data-rand-11
93 silly gunzTarPerm modified mode [ 'test/data/data-rand-11', 420, 438 ]
94 silly gunzTarPerm extractEntry test/data/data-rand-06
95 silly gunzTarPerm modified mode [ 'test/data/data-rand-06', 420, 438 ]
96 silly gunzTarPerm extractEntry test/data/data-png.png
97 silly gunzTarPerm modified mode [ 'test/data/data-png.png', 420, 438 ]
98 silly gunzTarPerm extractEntry test/data/data-rand-09
99 silly gunzTarPerm modified mode [ 'test/data/data-rand-09', 420, 438 ]
100 silly gunzTarPerm extractEntry test/data/data-rand-08
101 silly gunzTarPerm modified mode [ 'test/data/data-rand-08', 420, 438 ]
102 silly gunzTarPerm extractEntry test/data/data-rand-05
103 silly gunzTarPerm modified mode [ 'test/data/data-rand-05', 420, 438 ]
104 silly gunzTarPerm extractEntry test/data/data-rand-03
105 silly gunzTarPerm modified mode [ 'test/data/data-rand-03', 420, 438 ]
106 silly gunzTarPerm extractEntry test/data/data-rand-10
107 silly gunzTarPerm modified mode [ 'test/data/data-rand-10', 420, 438 ]
108 silly gunzTarPerm extractEntry test/data/data-rand-13
109 silly gunzTarPerm modified mode [ 'test/data/data-rand-13', 420, 438 ]
110 silly gunzTarPerm extractEntry test/data/data-rand-14
111 silly gunzTarPerm modified mode [ 'test/data/data-rand-14', 420, 438 ]
112 silly gunzTarPerm extractEntry test/data/data-rand-20
113 silly gunzTarPerm modified mode [ 'test/data/data-rand-20', 420, 438 ]
114 silly gunzTarPerm extractEntry test/data/data-source-code.c
115 silly gunzTarPerm modified mode [ 'test/data/data-source-code.c', 420, 438 ]
116 silly gunzTarPerm extractEntry test/data/data-rand-07
117 silly gunzTarPerm modified mode [ 'test/data/data-rand-07', 420, 438 ]
118 silly gunzTarPerm extractEntry test/data/data-rand-02
119 silly gunzTarPerm modified mode [ 'test/data/data-rand-02', 420, 438 ]
120 silly gunzTarPerm extractEntry test/data/data-rand-01
121 silly gunzTarPerm modified mode [ 'test/data/data-rand-01', 420, 438 ]
122 silly gunzTarPerm extractEntry test/data/data-rand-15
123 silly gunzTarPerm modified mode [ 'test/data/data-rand-15', 420, 438 ]
124 silly gunzTarPerm extractEntry test/data/data-rand-18
125 silly gunzTarPerm modified mode [ 'test/data/data-rand-18', 420, 438 ]
126 silly gunzTarPerm extractEntry test/data/data-rand-04
127 silly gunzTarPerm modified mode [ 'test/data/data-rand-04', 420, 438 ]
128 silly gunzTarPerm extractEntry test/data/data-rand-17
129 silly gunzTarPerm modified mode [ 'test/data/data-rand-17', 420, 438 ]
130 silly gunzTarPerm extractEntry test/data/data-rand-12
131 silly gunzTarPerm modified mode [ 'test/data/data-rand-12', 420, 438 ]
132 silly gunzTarPerm extractEntry test/data/data-rand-19
133 silly gunzTarPerm modified mode [ 'test/data/data-rand-19', 420, 438 ]
134 silly gunzTarPerm extractEntry test/data/data-rand-16
135 silly gunzTarPerm modified mode [ 'test/data/data-rand-16', 420, 438 ]
136 silly gunzTarPerm extractEntry package.json~
137 silly gunzTarPerm modified mode [ 'package.json~', 420, 438 ]
138 silly gunzTarPerm extractEntry binding.gyp
139 silly gunzTarPerm modified mode [ 'binding.gyp', 420, 438 ]
140 verbose write writing to C:\mine\nodejs\thinkjs-blog\node_modules\base64\package.json
141 info preinstall base64@2.1.0
142 verbose readDependencies loading dependencies from C:\mine\nodejs\thinkjs-blog\node_modules\base64\package.json
143 verbose readDependencies loading dependencies from C:\mine\nodejs\thinkjs-blog\node_modules\base64\package.json
144 silly install resolved []
145 verbose about to build C:\mine\nodejs\thinkjs-blog\node_modules\base64
146 info build C:\mine\nodejs\thinkjs-blog\node_modules\base64
147 info linkStuff base64@2.1.0
148 silly linkStuff base64@2.1.0 has C:\mine\nodejs\thinkjs-blog\node_modules as its parent node_modules
149 verbose linkBins base64@2.1.0
150 verbose linkMans base64@2.1.0
151 verbose rebuildBundles base64@2.1.0
152 info install base64@2.1.0
153 verbose unsafe-perm in lifecycle true
154 info base64@2.1.0 Failed to exec install script
155 verbose unlock done using C:\Users\herro\AppData\Roaming\npm-cache\_locks\base64-58600b85ff26dbca.lock for C:\mine\nodejs\thinkjs-blog\node_modules\base64
156 verbose stack Error: base64@2.1.0 install: `node-gyp rebuild`
156 verbose stack Exit status 1
156 verbose stack     at EventEmitter.<anonymous> (C:\Program Files\nodejs\node_modules\npm\lib\utils\lifecycle.js:214:16)
156 verbose stack     at emitTwo (events.js:87:13)
156 verbose stack     at EventEmitter.emit (events.js:172:7)
156 verbose stack     at ChildProcess.<anonymous> (C:\Program Files\nodejs\node_modules\npm\lib\utils\spawn.js:24:14)
156 verbose stack     at emitTwo (events.js:87:13)
156 verbose stack     at ChildProcess.emit (events.js:172:7)
156 verbose stack     at maybeClose (internal/child_process.js:817:16)
156 verbose stack     at Process.ChildProcess._handle.onexit (internal/child_process.js:211:5)
157 verbose pkgid base64@2.1.0
158 verbose cwd C:\mine\nodejs\thinkjs-blog
159 error Windows_NT 10.0.10240
160 error argv "C:\\Program Files\\nodejs\\node.exe" "C:\\Program Files\\nodejs\\node_modules\\npm\\bin\\npm-cli.js" "install" "base64" "--save"
161 error node v4.1.1
162 error npm  v2.14.4
163 error code ELIFECYCLE
164 error base64@2.1.0 install: `node-gyp rebuild`
164 error Exit status 1
165 error Failed at the base64@2.1.0 install script 'node-gyp rebuild'.
165 error This is most likely a problem with the base64 package,
165 error not with npm itself.
165 error Tell the author that this fails on your system:
165 error     node-gyp rebuild
165 error You can get their info via:
165 error     npm owner ls base64
165 error There is likely additional logging output above.
166 verbose exit [ 1, true ]
167 verbose unbuild node_modules\base64
168 info preuninstall base64@2.1.0
169 info uninstall base64@2.1.0
170 verbose unbuild rmStuff base64@2.1.0 from C:\mine\nodejs\thinkjs-blog\node_modules
171 info postuninstall base64@2.1.0
172 silly gentlyRm C:\mine\nodejs\thinkjs-blog\node_modules\base64 is being purged from base C:\mine\nodejs\thinkjs-blog
173 verbose gentlyRm don't care about contents; nuking C:\mine\nodejs\thinkjs-blog\node_modules\base64
174 silly vacuum-fs purging C:\mine\nodejs\thinkjs-blog\node_modules\base64
175 silly vacuum-fs quitting because other entries in C:\mine\nodejs\thinkjs-blog\node_modules
